10-Apr-2020 10:31:11.379 정보 [main] org.apache.catalina.core.ApplicationContext.log ContextListener: contextInitialized()
10-Apr-2020 10:31:11.379 정보 [main] org.apache.catalina.core.ApplicationContext.log SessionListener: contextInitialized()
10-Apr-2020 10:31:11.380 정보 [main] org.apache.catalina.core.ApplicationContext.log ContextListener: attributeAdded('StockTicker', 'async.Stockticker@dd0c991')
10-Apr-2020 10:31:11.571 정보 [main] org.apache.catalina.core.ApplicationContext.log SessionListener: contextDestroyed()
10-Apr-2020 10:31:11.571 정보 [main] org.apache.catalina.core.ApplicationContext.log ContextListener: contextDestroyed()
10-Apr-2020 10:31:20.178 정보 [main] org.apache.catalina.core.ApplicationContext.log ContextListener: contextInitialized()
10-Apr-2020 10:31:20.178 정보 [main] org.apache.catalina.core.ApplicationContext.log SessionListener: contextInitialized()
10-Apr-2020 10:31:20.179 정보 [main] org.apache.catalina.core.ApplicationContext.log ContextListener: attributeAdded('StockTicker', 'async.Stockticker@11c9af63')
10-Apr-2020 10:31:20.343 정보 [main] org.apache.catalina.core.ApplicationContext.log SessionListener: contextDestroyed()
10-Apr-2020 10:31:20.343 정보 [main] org.apache.catalina.core.ApplicationContext.log ContextListener: contextDestroyed()
10-Apr-2020 10:31:28.130 정보 [main] org.apache.catalina.core.ApplicationContext.log ContextListener: contextInitialized()
10-Apr-2020 10:31:28.130 정보 [main] org.apache.catalina.core.ApplicationContext.log SessionListener: contextInitialized()
10-Apr-2020 10:31:28.132 정보 [main] org.apache.catalina.core.ApplicationContext.log ContextListener: attributeAdded('StockTicker', 'async.Stockticker@11c9af63')
10-Apr-2020 10:31:28.296 정보 [main] org.apache.catalina.core.ApplicationContext.log SessionListener: contextDestroyed()
10-Apr-2020 10:31:28.296 정보 [main] org.apache.catalina.core.ApplicationContext.log ContextListener: contextDestroyed()
10-Apr-2020 10:32:15.007 정보 [main] org.apache.catalina.core.ApplicationContext.log ContextListener: contextInitialized()
10-Apr-2020 10:32:15.007 정보 [main] org.apache.catalina.core.ApplicationContext.log SessionListener: contextInitialized()
10-Apr-2020 10:32:15.008 정보 [main] org.apache.catalina.core.ApplicationContext.log ContextListener: attributeAdded('StockTicker', 'async.Stockticker@45ca843')
10-Apr-2020 10:32:15.183 정보 [main] org.apache.catalina.core.ApplicationContext.log SessionListener: contextDestroyed()
10-Apr-2020 10:32:15.183 정보 [main] org.apache.catalina.core.ApplicationContext.log ContextListener: contextDestroyed()
10-Apr-2020 10:35:06.856 정보 [main] org.apache.catalina.core.ApplicationContext.log ContextListener: contextInitialized()
10-Apr-2020 10:35:06.856 정보 [main] org.apache.catalina.core.ApplicationContext.log SessionListener: contextInitialized()
10-Apr-2020 10:35:06.858 정보 [main] org.apache.catalina.core.ApplicationContext.log ContextListener: attributeAdded('StockTicker', 'async.Stockticker@11c9af63')
10-Apr-2020 10:35:07.032 정보 [main] org.apache.catalina.core.ApplicationContext.log SessionListener: contextDestroyed()
10-Apr-2020 10:35:07.032 정보 [main] org.apache.catalina.core.ApplicationContext.log ContextListener: contextDestroyed()
10-Apr-2020 10:35:56.935 정보 [main] org.apache.catalina.core.ApplicationContext.log ContextListener: contextInitialized()
10-Apr-2020 10:35:56.935 정보 [main] org.apache.catalina.core.ApplicationContext.log SessionListener: contextInitialized()
10-Apr-2020 10:35:56.936 정보 [main] org.apache.catalina.core.ApplicationContext.log ContextListener: attributeAdded('StockTicker', 'async.Stockticker@11c9af63')
10-Apr-2020 10:39:46.739 정보 [main] org.apache.catalina.core.ApplicationContext.log SessionListener: contextDestroyed()
10-Apr-2020 10:39:46.739 정보 [main] org.apache.catalina.core.ApplicationContext.log ContextListener: contextDestroyed()
10-Apr-2020 10:43:43.190 정보 [main] org.apache.catalina.core.ApplicationContext.log ContextListener: contextInitialized()
10-Apr-2020 10:43:43.190 정보 [main] org.apache.catalina.core.ApplicationContext.log SessionListener: contextInitialized()
10-Apr-2020 10:43:43.191 정보 [main] org.apache.catalina.core.ApplicationContext.log ContextListener: attributeAdded('StockTicker', 'async.Stockticker@65b3f4a4')
10-Apr-2020 10:43:43.312 정보 [main] org.apache.catalina.core.ApplicationContext.log SessionListener: contextDestroyed()
10-Apr-2020 10:43:43.312 정보 [main] org.apache.catalina.core.ApplicationContext.log ContextListener: contextDestroyed()
10-Apr-2020 10:44:36.513 정보 [main] org.apache.catalina.core.ApplicationContext.log ContextListener: contextInitialized()
10-Apr-2020 10:44:36.513 정보 [main] org.apache.catalina.core.ApplicationContext.log SessionListener: contextInitialized()
10-Apr-2020 10:44:36.514 정보 [main] org.apache.catalina.core.ApplicationContext.log ContextListener: attributeAdded('StockTicker', 'async.Stockticker@11c9af63')
10-Apr-2020 10:48:37.269 정보 [main] org.apache.catalina.core.ApplicationContext.log ContextListener: contextInitialized()
10-Apr-2020 10:48:37.269 정보 [main] org.apache.catalina.core.ApplicationContext.log SessionListener: contextInitialized()
10-Apr-2020 10:48:37.271 정보 [main] org.apache.catalina.core.ApplicationContext.log ContextListener: attributeAdded('StockTicker', 'async.Stockticker@10959ece')
10-Apr-2020 10:53:46.060 정보 [main] org.apache.catalina.core.ApplicationContext.log ContextListener: contextInitialized()
10-Apr-2020 10:53:46.060 정보 [main] org.apache.catalina.core.ApplicationContext.log SessionListener: contextInitialized()
10-Apr-2020 10:53:46.061 정보 [main] org.apache.catalina.core.ApplicationContext.log ContextListener: attributeAdded('StockTicker', 'async.Stockticker@355ce81c')
10-Apr-2020 10:54:57.323 정보 [main] org.apache.catalina.core.ApplicationContext.log ContextListener: contextInitialized()
10-Apr-2020 10:54:57.323 정보 [main] org.apache.catalina.core.ApplicationContext.log SessionListener: contextInitialized()
10-Apr-2020 10:54:57.325 정보 [main] org.apache.catalina.core.ApplicationContext.log ContextListener: attributeAdded('StockTicker', 'async.Stockticker@62e7f11d')
10-Apr-2020 11:04:35.621 정보 [main] org.apache.catalina.core.ApplicationContext.log ContextListener: contextInitialized()
10-Apr-2020 11:04:35.621 정보 [main] org.apache.catalina.core.ApplicationContext.log SessionListener: contextInitialized()
10-Apr-2020 11:04:35.622 정보 [main] org.apache.catalina.core.ApplicationContext.log ContextListener: attributeAdded('StockTicker', 'async.Stockticker@355ce81c')
10-Apr-2020 11:07:33.449 정보 [main] org.apache.catalina.core.ApplicationContext.log SessionListener: contextDestroyed()
10-Apr-2020 11:07:33.449 정보 [main] org.apache.catalina.core.ApplicationContext.log ContextListener: contextDestroyed()
10-Apr-2020 11:08:03.520 정보 [main] org.apache.catalina.core.ApplicationContext.log ContextListener: contextInitialized()
10-Apr-2020 11:08:03.520 정보 [main] org.apache.catalina.core.ApplicationContext.log SessionListener: contextInitialized()
10-Apr-2020 11:08:03.521 정보 [main] org.apache.catalina.core.ApplicationContext.log ContextListener: attributeAdded('StockTicker', 'async.Stockticker@6b8ca3c8')
